<?xml version="1.0" encoding="UTF-8"?>
<!-- Generated by org.testng.reporters.JUnitReportReporter -->
<testsuite skipped="0" hostname="LAPTOP-PP7LTPN0" name="kdf.Application" tests="1" failures="0" timestamp="17 Dec 2019 06:09:25 GMT" time="99.858" errors="0">
  <testcase name="verifyInvalidLogin" time="99.858" classname="kdf.Application"/>
</testsuite> <!-- kdf.Application -->
